<?xml version="1.0" encoding="UTF-8"?>
<testng-results ignored="0" total="2" passed="2" failed="0" skipped="0">
  <reporter-output>
  </reporter-output>
  <suite started-at="2019-05-20T17:34:06Z" name="Default suite" finished-at="2019-05-20T17:34:10Z" duration-ms="4370">
    <groups>
    </groups>
    <test started-at="2019-05-20T17:34:06Z" name="Default test" finished-at="2019-05-20T17:34:10Z" duration-ms="4370">
      <class name="rest.FirstRest">
        <test-method signature="GetWeatherDetails()[pri:0, instance:rest.FirstRest@6107227e]" started-at="2019-05-20T17:34:06Z" name="GetWeatherDetails" finished-at="2019-05-20T17:34:09Z" duration-ms="3555" status="PASS">
          <reporter-output>
          </reporter-output>
        </test-method> <!-- GetWeatherDetails -->
        <test-method signature="GetWeatherDetailsInvalidCity()[pri:0, instance:rest.FirstRest@6107227e]" started-at="2019-05-20T17:34:09Z" name="GetWeatherDetailsInvalidCity" finished-at="2019-05-20T17:34:10Z" duration-ms="784" status="PASS">
          <reporter-output>
          </reporter-output>
        </test-method> <!-- GetWeatherDetailsInvalidCity -->
      </class> <!-- rest.FirstRest -->
    </test> <!-- Default test -->
  </suite> <!-- Default suite -->
</testng-results>
